# JRE version: Java(TM) SE Runtime Environment (8.0_05-b13) (build 1.8.0_05-b13)
# Java VM: Java HotSpot(TM) 64-Bit Server VM (25.5-b02 mixed mode windows-amd64 compressed oops)
Heap:
 PSYoungGen      total 12800K, used 10823K [0x00000000eb000000, 0x00000000ec000000, 0x0000000100000000)
  eden space 10240K, 94% used [0x00000000eb000000,0x00000000eb96b550,0x00000000eba00000)
  from space 2560K, 46% used [0x00000000ebd80000,0x00000000ebea6a68,0x00000000ec000000)
  to   space 3072K, 0% used [0x00000000eba00000,0x00000000eba00000,0x00000000ebd00000)
 ParOldGen       total 20992K, used 12776K [0x00000000c1000000, 0x00000000c2480000, 0x00000000eb000000)
  object space 20992K, 60% used [0x00000000c1000000,0x00000000c1c7a190,0x00000000c2480000)
 Metaspace       used 27065K, capacity 27230K, committed 27568K, reserved 1073152K
  class space    used 3337K, capacity 3391K, committed 3504K, reserved 1048576K
GC Heap History (10 events):
Event: 20.515 GC heap before
{Heap before GC invocations=20 (full 1):
 PSYoungGen      total 12800K, used 10198K [0x00000000eb000000, 0x00000000ebf00000, 0x0000000100000000)
  eden space 10240K, 99% used [0x00000000eb000000,0x00000000eb9f5bf0,0x00000000eba00000)
  from space 2560K, 0% used [0x00000000ebc80000,0x00000000ebc80000,0x00000000ebf00000)
  to   space 2560K, 0% used [0x00000000eba00000,0x00000000eba00000,0x00000000ebc80000)
 ParOldGen       total 18432K, used 10188K [0x00000000c1000000, 0x00000000c2200000, 0x00000000eb000000)
  object space 18432K, 55% used [0x00000000c1000000,0x00000000c19f3018,0x00000000c2200000)
 Metaspace       used 22624K, capacity 22804K, committed 23088K, reserved 1069056K
  class space    used 2720K, capacity 2776K, committed 2864K, reserved 1048576K
Event: 20.519 GC heap after
Heap after GC invocations=20 (full 1):
 PSYoungGen      total 12800K, used 2550K [0x00000000eb000000, 0x00000000ec000000, 0x0000000100000000)
  eden space 10240K, 0% used [0x00000000eb000000,0x00000000eb000000,0x00000000eba00000)
  from space 2560K, 99% used [0x00000000eba00000,0x00000000ebc7db38,0x00000000ebc80000)
  to   space 3072K, 0% used [0x00000000ebd00000,0x00000000ebd00000,0x00000000ec000000)
 ParOldGen       total 18432K, used 10536K [0x00000000c1000000, 0x00000000c2200000, 0x00000000eb000000)
  object space 18432K, 57% used [0x00000000c1000000,0x00000000c1a4a2a8,0x00000000c2200000)
 Metaspace       used 22624K, capacity 22804K, committed 23088K, reserved 1069056K
  class space    used 2720K, capacity 2776K, committed 2864K, reserved 1048576K
}
Event: 21.387 GC heap before
{Heap before GC invocations=21 (full 1):
 PSYoungGen      total 12800K, used 12790K [0x00000000eb000000, 0x00000000ec000000, 0x0000000100000000)
  eden space 10240K, 100% used [0x00000000eb000000,0x00000000eba00000,0x00000000eba00000)
  from space 2560K, 99% used [0x00000000eba00000,0x00000000ebc7db38,0x00000000ebc80000)
  to   space 3072K, 0% used [0x00000000ebd00000,0x00000000ebd00000,0x00000000ec000000)
 ParOldGen       total 18432K, used 10536K [0x00000000c1000000, 0x00000000c2200000, 0x00000000eb000000)
  object space 18432K, 57% used [0x00000000c1000000,0x00000000c1a4a2a8,0x00000000c2200000)
 Metaspace       used 24731K, capacity 24888K, committed 25264K, reserved 1071104K
  class space    used 3104K, capacity 3166K, committed 3248K, reserved 1048576K
Event: 21.391 GC heap after
Heap after GC invocations=21 (full 1):
 PSYoungGen      total 12800K, used 1964K [0x00000000eb000000, 0x00000000ec100000, 0x0000000100000000)
  eden space 9728K, 0% used [0x00000000eb000000,0x00000000eb000000,0x00000000eb980000)
  from space 3072K, 63% used [0x00000000ebd00000,0x00000000ebeeb110,0x00000000ec000000)
  to   space 3584K, 0% used [0x00000000eb980000,0x00000000eb980000,0x00000000ebd00000)
 ParOldGen       total 18432K, used 12112K [0x00000000c1000000, 0x00000000c2200000, 0x00000000eb000000)
  object space 18432K, 65% used [0x00000000c1000000,0x00000000c1bd42d8,0x00000000c2200000)
 Metaspace       used 24731K, capacity 24888K, committed 25264K, reserved 1071104K
  class space    used 3104K, capacity 3166K, committed 3248K, reserved 1048576K
}
Event: 21.391 GC heap before
{Heap before GC invocations=22 (full 2):
 PSYoungGen      total 12800K, used 1964K [0x00000000eb000000, 0x00000000ec100000, 0x0000000100000000)
  eden space 9728K, 0% used [0x00000000eb000000,0x00000000eb000000,0x00000000eb980000)
  from space 3072K, 63% used [0x00000000ebd00000,0x00000000ebeeb110,0x00000000ec000000)
  to   space 3584K, 0% used [0x00000000eb980000,0x00000000eb980000,0x00000000ebd00000)
 ParOldGen       total 18432K, used 12112K [0x00000000c1000000, 0x00000000c2200000, 0x00000000eb000000)
  object space 18432K, 65% used [0x00000000c1000000,0x00000000c1bd42d8,0x00000000c2200000)
 Metaspace       used 24731K, capacity 24888K, committed 25264K, reserved 1071104K
  class space    used 3104K, capacity 3166K, committed 3248K, reserved 1048576K
Event: 21.501 GC heap after
Heap after GC invocations=22 (full 2):
 PSYoungGen      total 12800K, used 0K [0x00000000eb000000, 0x00000000ec100000, 0x0000000100000000)
  eden space 9728K, 0% used [0x00000000eb000000,0x00000000eb000000,0x00000000eb980000)
  from space 3072K, 0% used [0x00000000ebd00000,0x00000000ebd00000,0x00000000ec000000)
  to   space 3584K, 0% used [0x00000000eb980000,0x00000000eb980000,0x00000000ebd00000)
 ParOldGen       total 20992K, used 12696K [0x00000000c1000000, 0x00000000c2480000, 0x00000000eb000000)
  object space 20992K, 60% used [0x00000000c1000000,0x00000000c1c66180,0x00000000c2480000)
 Metaspace       used 24731K, capacity 24888K, committed 25264K, reserved 1071104K
  class space    used 3104K, capacity 3166K, committed 3248K, reserved 1048576K
}
Event: 114.074 GC heap before
{Heap before GC invocations=23 (full 2):
 PSYoungGen      total 12800K, used 9728K [0x00000000eb000000, 0x00000000ec100000, 0x0000000100000000)
  eden space 9728K, 100% used [0x00000000eb000000,0x00000000eb980000,0x00000000eb980000)
  from space 3072K, 0% used [0x00000000ebd00000,0x00000000ebd00000,0x00000000ec000000)
  to   space 3584K, 0% used [0x00000000eb980000,0x00000000eb980000,0x00000000ebd00000)
 ParOldGen       total 20992K, used 12696K [0x00000000c1000000, 0x00000000c2480000, 0x00000000eb000000)
  object space 20992K, 60% used [0x00000000c1000000,0x00000000c1c66180,0x00000000c2480000)
 Metaspace       used 26873K, capacity 27038K, committed 27312K, reserved 1073152K
  class space    used 3333K, capacity 3391K, committed 3504K, reserved 1048576K
Event: 114.077 GC heap after
Heap after GC invocations=23 (full 2):
 PSYoungGen      total 13312K, used 1674K [0x00000000eb000000, 0x00000000ec100000, 0x0000000100000000)
  eden space 9728K, 0% used [0x00000000eb000000,0x00000000eb000000,0x00000000eb980000)
  from space 3584K, 46% used [0x00000000eb980000,0x00000000ebb22a88,0x00000000ebd00000)
  to   space 3584K, 0% used [0x00000000ebd80000,0x00000000ebd80000,0x00000000ec100000)
 ParOldGen       total 20992K, used 12704K [0x00000000c1000000, 0x00000000c2480000, 0x00000000eb000000)
  object space 20992K, 60% used [0x00000000c1000000,0x00000000c1c68180,0x00000000c2480000)
 Metaspace       used 26873K, capacity 27038K, committed 27312K, reserved 1073152K
  class space    used 3333K, capacity 3391K, committed 3504K, reserved 1048576K
}
Event: 132.054 GC heap before
{Heap before GC invocations=24 (full 2):
 PSYoungGen      total 13312K, used 11402K [0x00000000eb000000, 0x00000000ec100000, 0x0000000100000000)
  eden space 9728K, 100% used [0x00000000eb000000,0x00000000eb980000,0x00000000eb980000)
  from space 3584K, 46% used [0x00000000eb980000,0x00000000ebb22a88,0x00000000ebd00000)
  to   space 3584K, 0% used [0x00000000ebd80000,0x00000000ebd80000,0x00000000ec100000)
 ParOldGen       total 20992K, used 12704K [0x00000000c1000000, 0x00000000c2480000, 0x00000000eb000000)
  object space 20992K, 60% used [0x00000000c1000000,0x00000000c1c68180,0x00000000c2480000)
 Metaspace       used 26963K, capacity 27102K, committed 27312K, reserved 1073152K
  class space    used 3333K, capacity 3391K, committed 3504K, reserved 1048576K
Event: 132.056 GC heap after
Heap after GC invocations=24 (full 2):
 PSYoungGen      total 12800K, used 1178K [0x00000000eb000000, 0x00000000ec000000, 0x0000000100000000)
  eden space 10240K, 0% used [0x00000000eb000000,0x00000000eb000000,0x00000000eba00000)
  from space 2560K, 46% used [0x00000000ebd80000,0x00000000ebea6a68,0x00000000ec000000)
  to   space 3072K, 0% used [0x00000000eba00000,0x00000000eba00000,0x00000000ebd00000)
 ParOldGen       total 20992K, used 12776K [0x00000000c1000000, 0x00000000c2480000, 0x00000000eb000000)
  object space 20992K, 60% used [0x00000000c1000000,0x00000000c1c7a190,0x00000000c2480000)
 Metaspace       used 26963K, capacity 27102K, committed 27312K, reserved 1073152K
  class space    used 3333K, capacity 3391K, committed 3504K, reserved 1048576K
}

