# JRE version: Java(TM) SE Runtime Environment (8.0_05-b13) (build 1.8.0_05-b13)
# Java VM: Java HotSpot(TM) 64-Bit Server VM (25.5-b02 mixed mode windows-amd64 compressed oops)
Heap:
 PSYoungGen      total 5120K, used 1792K [0x00000000eb000000, 0x00000000eb800000, 0x0000000100000000)
  eden space 3584K, 7% used [0x00000000eb000000,0x00000000eb040178,0x00000000eb380000)
  from space 1536K, 100% used [0x00000000eb580000,0x00000000eb700000,0x00000000eb700000)
  to   space 2048K, 0% used [0x00000000eb380000,0x00000000eb380000,0x00000000eb580000)
 ParOldGen       total 64000K, used 2763K [0x00000000c1000000, 0x00000000c4e80000, 0x00000000eb000000)
  object space 64000K, 4% used [0x00000000c1000000,0x00000000c12b2f10,0x00000000c4e80000)
 Metaspace       used 12041K, capacity 12236K, committed 12416K, reserved 1060864K
  class space    used 1599K, capacity 1652K, committed 1664K, reserved 1048576K
GC Heap History (10 events):
Event: 0.390 GC heap before
{Heap before GC invocations=4 (full 0):
 PSYoungGen      total 1536K, used 1533K [0x00000000eb000000, 0x00000000eb300000, 0x0000000100000000)
  eden space 1024K, 99% used [0x00000000eb000000,0x00000000eb0ff7e8,0x00000000eb100000)
  from space 512K, 100% used [0x00000000eb100000,0x00000000eb180000,0x00000000eb180000)
  to   space 512K, 0% used [0x00000000eb280000,0x00000000eb280000,0x00000000eb300000)
 ParOldGen       total 64000K, used 336K [0x00000000c1000000, 0x00000000c4e80000, 0x00000000eb000000)
  object space 64000K, 0% used [0x00000000c1000000,0x00000000c1054030,0x00000000c4e80000)
 Metaspace       used 8244K, capacity 8450K, committed 8576K, reserved 1056768K
  class space    used 1039K, capacity 1100K, committed 1152K, reserved 1048576K
Event: 0.392 GC heap after
Heap after GC invocations=4 (full 0):
 PSYoungGen      total 2560K, used 512K [0x00000000eb000000, 0x00000000eb300000, 0x0000000100000000)
  eden space 2048K, 0% used [0x00000000eb000000,0x00000000eb000000,0x00000000eb200000)
  from space 512K, 100% used [0x00000000eb280000,0x00000000eb300000,0x00000000eb300000)
  to   space 512K, 0% used [0x00000000eb200000,0x00000000eb200000,0x00000000eb280000)
 ParOldGen       total 64000K, used 972K [0x00000000c1000000, 0x00000000c4e80000, 0x00000000eb000000)
  object space 64000K, 1% used [0x00000000c1000000,0x00000000c10f3060,0x00000000c4e80000)
 Metaspace       used 8244K, capacity 8450K, committed 8576K, reserved 1056768K
  class space    used 1039K, capacity 1100K, committed 1152K, reserved 1048576K
}
Event: 0.655 GC heap before
{Heap before GC invocations=5 (full 0):
 PSYoungGen      total 2560K, used 2560K [0x00000000eb000000, 0x00000000eb300000, 0x0000000100000000)
  eden space 2048K, 100% used [0x00000000eb000000,0x00000000eb200000,0x00000000eb200000)
  from space 512K, 100% used [0x00000000eb280000,0x00000000eb300000,0x00000000eb300000)
  to   space 512K, 0% used [0x00000000eb200000,0x00000000eb200000,0x00000000eb280000)
 ParOldGen       total 64000K, used 972K [0x00000000c1000000, 0x00000000c4e80000, 0x00000000eb000000)
  object space 64000K, 1% used [0x00000000c1000000,0x00000000c10f3060,0x00000000c4e80000)
 Metaspace       used 11049K, capacity 11194K, committed 11264K, reserved 1058816K
  class space    used 1475K, capacity 1521K, committed 1536K, reserved 1048576K
Event: 0.658 GC heap after
Heap after GC invocations=5 (full 0):
 PSYoungGen      total 2560K, used 512K [0x00000000eb000000, 0x00000000eb700000, 0x0000000100000000)
  eden space 2048K, 0% used [0x00000000eb000000,0x00000000eb000000,0x00000000eb200000)
  from space 512K, 100% used [0x00000000eb200000,0x00000000eb280000,0x00000000eb280000)
  to   space 1536K, 0% used [0x00000000eb580000,0x00000000eb580000,0x00000000eb700000)
 ParOldGen       total 64000K, used 1796K [0x00000000c1000000, 0x00000000c4e80000, 0x00000000eb000000)
  object space 64000K, 2% used [0x00000000c1000000,0x00000000c11c1060,0x00000000c4e80000)
 Metaspace       used 11049K, capacity 11194K, committed 11264K, reserved 1058816K
  class space    used 1475K, capacity 1521K, committed 1536K, reserved 1048576K
}
Event: 0.854 GC heap before
{Heap before GC invocations=6 (full 0):
 PSYoungGen      total 2560K, used 2560K [0x00000000eb000000, 0x00000000eb700000, 0x0000000100000000)
  eden space 2048K, 100% used [0x00000000eb000000,0x00000000eb200000,0x00000000eb200000)
  from space 512K, 100% used [0x00000000eb200000,0x00000000eb280000,0x00000000eb280000)
  to   space 1536K, 0% used [0x00000000eb580000,0x00000000eb580000,0x00000000eb700000)
 ParOldGen       total 64000K, used 1796K [0x00000000c1000000, 0x00000000c4e80000, 0x00000000eb000000)
  object space 64000K, 2% used [0x00000000c1000000,0x00000000c11c1060,0x00000000c4e80000)
 Metaspace       used 11942K, capacity 12108K, committed 12160K, reserved 1060864K
  class space    used 1597K, capacity 1652K, committed 1664K, reserved 1048576K
Event: 0.859 GC heap after
Heap after GC invocations=6 (full 0):
 PSYoungGen      total 5120K, used 1472K [0x00000000eb000000, 0x00000000eb800000, 0x0000000100000000)
  eden space 3584K, 0% used [0x00000000eb000000,0x00000000eb000000,0x00000000eb380000)
  from space 1536K, 95% used [0x00000000eb580000,0x00000000eb6f0000,0x00000000eb700000)
  to   space 2048K, 0% used [0x00000000eb380000,0x00000000eb380000,0x00000000eb580000)
 ParOldGen       total 64000K, used 1796K [0x00000000c1000000, 0x00000000c4e80000, 0x00000000eb000000)
  object space 64000K, 2% used [0x00000000c1000000,0x00000000c11c1060,0x00000000c4e80000)
 Metaspace       used 11942K, capacity 12108K, committed 12160K, reserved 1060864K
  class space    used 1597K, capacity 1652K, committed 1664K, reserved 1048576K
}
Event: 1.013 GC heap before
{Heap before GC invocations=7 (full 0):
 PSYoungGen      total 5120K, used 5056K [0x00000000eb000000, 0x00000000eb800000, 0x0000000100000000)
  eden space 3584K, 100% used [0x00000000eb000000,0x00000000eb380000,0x00000000eb380000)
  from space 1536K, 95% used [0x00000000eb580000,0x00000000eb6f0000,0x00000000eb700000)
  to   space 2048K, 0% used [0x00000000eb380000,0x00000000eb380000,0x00000000eb580000)
 ParOldGen       total 64000K, used 1796K [0x00000000c1000000, 0x00000000c4e80000, 0x00000000eb000000)
  object space 64000K, 2% used [0x00000000c1000000,0x00000000c11c1060,0x00000000c4e80000)
 Metaspace       used 12031K, capacity 12172K, committed 12416K, reserved 1060864K
  class space    used 1597K, capacity 1652K, committed 1664K, reserved 1048576K
Event: 1.017 GC heap after
Heap after GC invocations=7 (full 0):
 PSYoungGen      total 5632K, used 1888K [0x00000000eb000000, 0x00000000eb800000, 0x0000000100000000)
  eden space 3584K, 0% used [0x00000000eb000000,0x00000000eb000000,0x00000000eb380000)
  from space 2048K, 92% used [0x00000000eb380000,0x00000000eb558000,0x00000000eb580000)
  to   space 1536K, 0% used [0x00000000eb580000,0x00000000eb580000,0x00000000eb700000)
 ParOldGen       total 64000K, used 1884K [0x00000000c1000000, 0x00000000c4e80000, 0x00000000eb000000)
  object space 64000K, 2% used [0x00000000c1000000,0x00000000c11d7060,0x00000000c4e80000)
 Metaspace       used 12031K, capacity 12172K, committed 12416K, reserved 1060864K
  class space    used 1597K, capacity 1652K, committed 1664K, reserved 1048576K
}
Event: 1.139 GC heap before
{Heap before GC invocations=8 (full 0):
 PSYoungGen      total 5632K, used 5470K [0x00000000eb000000, 0x00000000eb800000, 0x0000000100000000)
  eden space 3584K, 99% used [0x00000000eb000000,0x00000000eb37fb70,0x00000000eb380000)
  from space 2048K, 92% used [0x00000000eb380000,0x00000000eb558000,0x00000000eb580000)
  to   space 1536K, 0% used [0x00000000eb580000,0x00000000eb580000,0x00000000eb700000)
 ParOldGen       total 64000K, used 1884K [0x00000000c1000000, 0x00000000c4e80000, 0x00000000eb000000)
  object space 64000K, 2% used [0x00000000c1000000,0x00000000c11d7060,0x00000000c4e80000)
 Metaspace       used 12041K, capacity 12236K, committed 12416K, reserved 1060864K
  class space    used 1599K, capacity 1652K, committed 1664K, reserved 1048576K
Event: 1.144 GC heap after
Heap after GC invocations=8 (full 0):
 PSYoungGen      total 5120K, used 1536K [0x00000000eb000000, 0x00000000eb800000, 0x0000000100000000)
  eden space 3584K, 0% used [0x00000000eb000000,0x00000000eb000000,0x00000000eb380000)
  from space 1536K, 100% used [0x00000000eb580000,0x00000000eb700000,0x00000000eb700000)
  to   space 2048K, 0% used [0x00000000eb380000,0x00000000eb380000,0x00000000eb580000)
 ParOldGen       total 64000K, used 2763K [0x00000000c1000000, 0x00000000c4e80000, 0x00000000eb000000)
  object space 64000K, 4% used [0x00000000c1000000,0x00000000c12b2f10,0x00000000c4e80000)
 Metaspace       used 12041K, capacity 12236K, committed 12416K, reserved 1060864K
  class space    used 1599K, capacity 1652K, committed 1664K, reserved 1048576K
}

